<?xml version="1.0" encoding="UTF-8"?>
<!-- Generated by org.testng.reporters.JUnitXMLReporter -->
<testsuite ignored="4" hostname="LAPTOP-HSQD46T4" failures="0" tests="3" name="Test" time="164.445" errors="0" timestamp="2022-04-03T16:07:40 IST">
  <testcase classname="com.roofhub.qa.TestCases.OrderPageTest" name="verifyplaceorder" time="39.528"/>
  <testcase classname="com.roofhub.qa.TestCases.RegisterPageTest" name="verifyRegistration" time="26.375"/>
  <testcase classname="com.roofhub.qa.TestCases.templatePageTest" name="CreateTemplate" time="49.331"/>
  <testcase classname="com.roofhub.qa.base.BaseClass" name="@AfterSuite flush" time="0.0">
    <ignored/>
  </testcase> <!-- @AfterSuite flush -->
  <testcase classname="com.roofhub.qa.base.BaseClass" name="@AfterSuite flush" time="0.0">
    <ignored/>
  </testcase> <!-- @AfterSuite flush -->
  <testcase classname="com.roofhub.qa.base.BaseClass" name="@BeforeSuite report" time="0.0">
    <ignored/>
  </testcase> <!-- @BeforeSuite report -->
  <testcase classname="com.roofhub.qa.base.BaseClass" name="@BeforeSuite report" time="0.0">
    <ignored/>
  </testcase> <!-- @BeforeSuite report -->
</testsuite> <!-- Test -->
