<?xml version="1.0" encoding="UTF-8"?>
<testng-results ignored="0" total="1" passed="1" failed="0" skipped="0">
  <reporter-output>
  </reporter-output>
  <suite started-at="2021-02-24T02:13:45 IST" name="Default suite" finished-at="2021-02-24T02:13:46 IST" duration-ms="1670">
    <groups>
    </groups>
    <test started-at="2021-02-24T02:13:45 IST" name="Default test" finished-at="2021-02-24T02:13:46 IST" duration-ms="1670">
      <class name="com.test.extentreport.Extent_Report">
        <test-method signature="extentreport()[pri:0, instance:com.test.extentreport.Extent_Report@3315d2d7]" started-at="2021-02-24T02:13:45 IST" name="extentreport" finished-at="2021-02-24T02:13:46 IST" duration-ms="1544" status="PASS">
          <reporter-output>
          </reporter-output>
        </test-method> <!-- extentreport -->
      </class> <!-- com.test.extentreport.Extent_Report -->
    </test> <!-- Default test -->
  </suite> <!-- Default suite -->
</testng-results>
