<?xml version="1.0" encoding="UTF-8"?>
<!-- Generated by org.testng.reporters.JUnitXMLReporter -->
<testsuite hostname="Charupc" ignored="1" name="Login" tests="2" failures="0" timestamp="2021-03-16T15:53:42 IST" time="74.078" errors="0">
  <testcase name="verifyloginwithinvalidcredentials" time="1.721" classname="com.roofhub.qa.TestCases.LoginPageTest"/>
  <testcase name="verifylogout" time="25.076" classname="com.roofhub.qa.TestCases.LoginPageTest"/>
  <testcase name="verifyloginwithvalidcredentials" time="0.0" classname="com.roofhub.qa.TestCases.LoginPageTest">
    <ignored/>
  </testcase> <!-- verifyloginwithvalidcredentials -->
</testsuite> <!-- Login -->
