<?xml version="1.0" encoding="UTF-8"?>
<!-- Generated by org.testng.reporters.JUnitXMLReporter -->
<testsuite hostname="Charupc" ignored="1" name="Order" tests="2" failures="0" timestamp="2021-04-15T10:53:39 IST" time="181.453" errors="0">
  <testcase name="verifyplaceorder" time="50.426" classname="com.roofhub.qa.TestCases.OrderPageTest"/>
  <testcase name="verifyCancelOrder" time="54.737" classname="com.roofhub.qa.TestCases.OrderPageTest"/>
  <testcase name="verifyDraftOrder" time="0.0" classname="com.roofhub.qa.TestCases.OrderPageTest">
    <ignored/>
  </testcase> <!-- verifyDraftOrder -->
</testsuite> <!-- Order -->
