<?xml version="1.0" encoding="UTF-8"?>
<!-- Generated by org.testng.reporters.JUnitXMLReporter -->
<testsuite ignored="0" hostname="LAPTOP-HSQD46T4" failures="0" tests="3" name="datadriven_testing" time="57.925" errors="0" timestamp="2021-05-09T22:35:27 IST">
  <testcase classname="endTOend_raBiProject.Data_Driven_test" name="pageNavigation" time="15.339"/>
  <testcase classname="endTOend_raBiProject.Data_Driven_test" name="pageNavigation" time="17.211"/>
  <testcase classname="endTOend_raBiProject.Data_Driven_test" name="pageNavigation" time="17.543"/>
</testsuite> <!-- datadriven_testing -->
