<?xml version="1.0" encoding="UTF-8"?>
<!-- Generated by org.testng.reporters.JUnitXMLReporter -->
<testsuite ignored="0" hostname="LAPTOP-HSQD46T4" failures="1" tests="1" name="Default test" time="9.925" errors="0" timestamp="2021-09-17T01:44:30 IST">
  <testcase classname="rough.ApplitToolDemo" name="basicTest" time="7.063">
    <failure type="com.applitools.eyes.exceptions.TestFailedException" message="Failed to set the viewport size">
      <![CDATA[com.applitools.eyes.exceptions.TestFailedException: Failed to set the viewport size
at com.applitools.eyes.selenium.SeleniumEyes.setViewportSize(SeleniumEyes.java:1540)
at com.applitools.eyes.EyesBase.ensureViewportSize(EyesBase.java:1143)
at com.applitools.eyes.EyesBase.prepareForOpen(EyesBase.java:868)
at com.applitools.eyes.RunningTest.prepareForOpen(RunningTest.java:44)
at com.applitools.eyes.EyesBase.openBase(EyesBase.java:890)
at com.applitools.eyes.selenium.SeleniumEyes.open(SeleniumEyes.java:318)
at com.applitools.eyes.selenium.SeleniumEyes.open(SeleniumEyes.java:282)
at com.applitools.eyes.selenium.Eyes.open(Eyes.java:145)
at rough.ApplitToolDemo.basicTest(ApplitToolDemo.java:60)
at java.base/jdk.internal.reflect.NativeMethodAccessorImpl.invoke0(Native Method)
at java.base/jdk.internal.reflect.NativeMethodAccessorImpl.invoke(NativeMethodAccessorImpl.java:64)
at java.base/jdk.internal.reflect.DelegatingMethodAccessorImpl.invoke(DelegatingMethodAccessorImpl.java:43)
at java.base/java.lang.reflect.Method.invoke(Method.java:564)
at org.testng.internal.MethodInvocationHelper.invokeMethod(MethodInvocationHelper.java:133)
at org.testng.internal.TestInvoker.invokeMethod(TestInvoker.java:598)
at org.testng.internal.TestInvoker.invokeTestMethod(TestInvoker.java:173)
at org.testng.internal.MethodRunner.runInSequence(MethodRunner.java:46)
at org.testng.internal.TestInvoker$MethodInvocationAgent.invoke(TestInvoker.java:824)
at org.testng.internal.TestInvoker.invokeTestMethods(TestInvoker.java:146)
at org.testng.internal.TestMethodWorker.invokeTestMethods(TestMethodWorker.java:146)
at org.testng.internal.TestMethodWorker.run(TestMethodWorker.java:128)
at java.base/java.util.ArrayList.forEach(ArrayList.java:1511)
at org.testng.TestRunner.privateRun(TestRunner.java:794)
at org.testng.TestRunner.run(TestRunner.java:596)
at org.testng.SuiteRunner.runTest(SuiteRunner.java:377)
at org.testng.SuiteRunner.runSequentially(SuiteRunner.java:371)
at org.testng.SuiteRunner.privateRun(SuiteRunner.java:332)
at org.testng.SuiteRunner.run(SuiteRunner.java:276)
at org.testng.SuiteRunnerWorker.runSuite(SuiteRunnerWorker.java:53)
at org.testng.SuiteRunnerWorker.run(SuiteRunnerWorker.java:96)
at org.testng.TestNG.runSuitesSequentially(TestNG.java:1212)
at org.testng.TestNG.runSuitesLocally(TestNG.java:1134)
at org.testng.TestNG.runSuites(TestNG.java:1063)
at org.testng.TestNG.run(TestNG.java:1031)
at org.testng.remote.AbstractRemoteTestNG.run(AbstractRemoteTestNG.java:115)
at org.testng.remote.RemoteTestNG.initAndRun(RemoteTestNG.java:251)
at org.testng.remote.RemoteTestNG.main(RemoteTestNG.java:77)
Caused by: com.applitools.eyes.EyesException: Failed to set viewport size!
at com.applitools.eyes.selenium.EyesDriverUtils.setViewportSize(EyesDriverUtils.java:551)
at com.applitools.eyes.selenium.SeleniumEyes.setViewportSize(SeleniumEyes.java:1534)
... 36 more
]]>
    </failure>
  </testcase> <!-- basicTest -->
</testsuite> <!-- Default test -->
