<?xml version="1.0" encoding="UTF-8"?>
<testng-results ignored="0" total="1" passed="1" failed="0" skipped="0">
  <reporter-output>
  </reporter-output>
  <suite started-at="2024-03-06T01:35:16 IST" name="Default suite" finished-at="2024-03-06T01:35:36 IST" duration-ms="19903">
    <groups>
    </groups>
    <test started-at="2024-03-06T01:35:16 IST" name="Default test" finished-at="2024-03-06T01:35:36 IST" duration-ms="19903">
      <class name="randomTest.scrollToViewTest">
        <test-method signature="testScrollView()[pri:0, instance:randomTest.scrollToViewTest@5c90e579]" started-at="2024-03-06T01:35:16 IST" name="testScrollView" finished-at="2024-03-06T01:35:36 IST" duration-ms="19865" status="PASS">
          <reporter-output>
          </reporter-output>
        </test-method> <!-- testScrollView -->
      </class> <!-- randomTest.scrollToViewTest -->
    </test> <!-- Default test -->
  </suite> <!-- Default suite -->
</testng-results>
