<?xml version="1.0" encoding="UTF-8"?>
<testng-results ignored="0" total="1" passed="1" failed="0" skipped="0">
  <reporter-output>
  </reporter-output>
  <suite started-at="2023-07-05T02:34:40 IST" name="Default suite" finished-at="2023-07-05T02:35:25 IST" duration-ms="44896">
    <groups>
    </groups>
    <test started-at="2023-07-05T02:34:40 IST" name="Default test" finished-at="2023-07-05T02:35:25 IST" duration-ms="44896">
      <class name="adsBlock.adsBlockSelenium">
        <test-method signature="adsBlocksUsingExtensions()[pri:0, instance:adsBlock.adsBlockSelenium@5d0bf09b]" started-at="2023-07-05T02:34:40 IST" name="adsBlocksUsingExtensions" finished-at="2023-07-05T02:35:25 IST" duration-ms="44850" status="PASS">
          <reporter-output>
          </reporter-output>
        </test-method> <!-- adsBlocksUsingExtensions -->
      </class> <!-- adsBlock.adsBlockSelenium -->
    </test> <!-- Default test -->
  </suite> <!-- Default suite -->
</testng-results>
