<?xml version="1.0" encoding="UTF-8"?>
<!-- Generated by org.testng.reporters.JUnitXMLReporter -->
<testsuite ignored="1" hostname="LAPTOP-HSQD46T4" failures="7" tests="31" name="run_package" time="11.607" errors="0" timestamp="2021-10-12T01:25:10 IST">
  <testcase classname="TestNG.Data_Annotations" name="@BeforeMethod first" time="1.14">
    <failure type="org.openqa.selenium.SessionNotCreatedException" message="session not created: This version of ChromeDriver only supports Chrome version 87
Current browser version is 94.0.4606.81 with binary path C:\Program Files\Google\Chrome\Application\chrome.exe
Build info: version: &amp;apos;3.141.59&amp;apos;, revision: &amp;apos;e82be7d358&amp;apos;, time: &amp;apos;2018-11-14T08:25:53&amp;apos;
System info: host: &amp;apos;LAPTOP-HSQD46T4&amp;apos;, ip: &amp;apos;192.168.225.116&amp;apos;, os.name: &amp;apos;Windows 10&amp;apos;, os.arch: &amp;apos;amd64&amp;apos;, os.version: &amp;apos;10.0&amp;apos;, java.version: &amp;apos;15.0.2&amp;apos;
Driver info: driver.version: ChromeDriver
remote stacktrace: Backtrace:
	Ordinal0 [0x007FC0C3+3326147]
	Ordinal0 [0x006E0851+2164817]
	Ordinal0 [0x00567298+619160]
	Ordinal0 [0x004E1D92+73106]
	Ordinal0 [0x004DE119+57625]
	Ordinal0 [0x004DC38A+50058]
	Ordinal0 [0x00505F3E+220990]
	Ordinal0 [0x00505CAC+220332]
	Ordinal0 [0x0050189B+202907]
	Ordinal0 [0x004E3DF4+81396]
	Ordinal0 [0x004E4DEE+85486]
	Ordinal0 [0x004E4D79+85369]
	Ordinal0 [0x006F85DC+2262492]
	GetHandleVerifier [0x00982874+1487204]
	GetHandleVerifier [0x009823CD+1486013]
	GetHandleVerifier [0x0098A368+1518680]
	GetHandleVerifier [0x00982F4E+1488958]
	Ordinal0 [0x006EED0D+2223373]
	Ordinal0 [0x006FA12B+2269483]
	Ordinal0 [0x006FA26F+2269807]
	Ordinal0 [0x0070ECB8+2354360]
	BaseThreadInitThunk [0x76FEFA29+25]
	RtlGetAppContainerNamedObjectPath [0x773A7A9E+286]
	RtlGetAppContainerNamedObjectPath [0x773A7A6E+238]
">
      <![CDATA[org.openqa.selenium.SessionNotCreatedException: session not created: This version of ChromeDriver only supports Chrome version 87
Current browser version is 94.0.4606.81 with binary path C:\Program Files\Google\Chrome\Application\chrome.exe
Build info: version: '3.141.59', revision: 'e82be7d358', time: '2018-11-14T08:25:53'
System info: host: 'LAPTOP-HSQD46T4', ip: '192.168.225.116', os.name: 'Windows 10', os.arch: 'amd64', os.version: '10.0', java.version: '15.0.2'
Driver info: driver.version: ChromeDriver
remote stacktrace: Backtrace:
Ordinal0 [0x007FC0C3+3326147]
Ordinal0 [0x006E0851+2164817]
Ordinal0 [0x00567298+619160]
Ordinal0 [0x004E1D92+73106]
Ordinal0 [0x004DE119+57625]
Ordinal0 [0x004DC38A+50058]
Ordinal0 [0x00505F3E+220990]
Ordinal0 [0x00505CAC+220332]
Ordinal0 [0x0050189B+202907]
Ordinal0 [0x004E3DF4+81396]
Ordinal0 [0x004E4DEE+85486]
Ordinal0 [0x004E4D79+85369]
Ordinal0 [0x006F85DC+2262492]
GetHandleVerifier [0x00982874+1487204]
GetHandleVerifier [0x009823CD+1486013]
GetHandleVerifier [0x0098A368+1518680]
GetHandleVerifier [0x00982F4E+1488958]
Ordinal0 [0x006EED0D+2223373]
Ordinal0 [0x006FA12B+2269483]
Ordinal0 [0x006FA26F+2269807]
Ordinal0 [0x0070ECB8+2354360]
BaseThreadInitThunk [0x76FEFA29+25]
RtlGetAppContainerNamedObjectPath [0x773A7A9E+286]
RtlGetAppContainerNamedObjectPath [0x773A7A6E+238]

at org.openqa.selenium.remote.W3CHandshakeResponse.lambda$errorHandler$0(W3CHandshakeResponse.java:62)
at org.openqa.selenium.remote.HandshakeResponse.lambda$getResponseFunction$0(HandshakeResponse.java:30)
at org.openqa.selenium.remote.ProtocolHandshake.lambda$createSession$0(ProtocolHandshake.java:126)
at java.base/java.util.stream.ReferencePipeline$3$1.accept(ReferencePipeline.java:195)
at java.base/java.util.Spliterators$ArraySpliterator.tryAdvance(Spliterators.java:958)
at java.base/java.util.stream.ReferencePipeline.forEachWithCancel(ReferencePipeline.java:127)
at java.base/java.util.stream.AbstractPipeline.copyIntoWithCancel(AbstractPipeline.java:502)
at java.base/java.util.stream.AbstractPipeline.copyInto(AbstractPipeline.java:488)
at java.base/java.util.stream.AbstractPipeline.wrapAndCopyInto(AbstractPipeline.java:474)
at java.base/java.util.stream.FindOps$FindOp.evaluateSequential(FindOps.java:150)
at java.base/java.util.stream.AbstractPipeline.evaluate(AbstractPipeline.java:234)
at java.base/java.util.stream.ReferencePipeline.findFirst(ReferencePipeline.java:543)
at org.openqa.selenium.remote.ProtocolHandshake.createSession(ProtocolHandshake.java:128)
at org.openqa.selenium.remote.ProtocolHandshake.createSession(ProtocolHandshake.java:74)
at org.openqa.selenium.remote.HttpCommandExecutor.execute(HttpCommandExecutor.java:136)
at org.openqa.selenium.remote.service.DriverCommandExecutor.execute(DriverCommandExecutor.java:83)
at org.openqa.selenium.remote.RemoteWebDriver.execute(RemoteWebDriver.java:552)
at org.openqa.selenium.remote.RemoteWebDriver.startSession(RemoteWebDriver.java:213)
at org.openqa.selenium.remote.RemoteWebDriver.<init>(RemoteWebDriver.java:131)
at org.openqa.selenium.chrome.ChromeDriver.<init>(ChromeDriver.java:181)
at org.openqa.selenium.chrome.ChromeDriver.<init>(ChromeDriver.java:168)
at org.openqa.selenium.chrome.ChromeDriver.<init>(ChromeDriver.java:123)
at TestNG.Data_Annotations.first(Data_Annotations.java:28)
at java.base/java.util.ArrayList.forEach(ArrayList.java:1511)
at java.base/java.util.concurrent.FutureTask.run(FutureTask.java:264)
at java.base/java.util.concurrent.ThreadPoolExecutor.runWorker(ThreadPoolExecutor.java:1130)
at java.base/java.util.concurrent.ThreadPoolExecutor$Worker.run(ThreadPoolExecutor.java:630)
at java.base/java.lang.Thread.run(Thread.java:832)
... Removed 27 stack frames]]>
    </failure>
  </testcase> <!-- @BeforeMethod first -->
  <testcase classname="TestNG.Data_Annotations" name="@AfterMethod second" time="-1.63398210213E9">
    <skipped/>
  </testcase> <!-- @AfterMethod second -->
  <testcase classname="TestNG.Day_3" name="gold" time="0.006"/>
  <testcase classname="TestNG.Day_2" name="home" time="0.003"/>
  <testcase classname="TestNG.Day_1" name="loan" time="0.001"/>
  <testcase classname="TestNG.Day_1" name="mobile_loan" time="0.002"/>
  <testcase classname="TestNG.Day_2" name="mobile_loan" time="0.001"/>
  <testcase classname="TestNG.Data_Provider_Demo" name="run_dataProvider" time="0.001"/>
  <testcase classname="TestNG.Data_Provider_Demo" name="run_dataProvider" time="0.001"/>
  <testcase classname="TestNG.Data_Provider_Demo" name="run_dataProvider" time="0.001"/>
  <testcase classname="TestNG.Data_Provider_Demo1" name="test" time="0.001"/>
  <testcase classname="TestNG.Data_Provider_Demo1" name="test" time="0.001"/>
  <testcase classname="TestNG.Data_Provider_Demo1" name="test" time="0.0"/>
  <testcase classname="TestNG.Data_Provider_Demo1" name="test" time="0.002"/>
  <testcase classname="TestNG.Data_Provider_Demo1" name="test" time="0.001"/>
  <testcase classname="TestNG.Day_4" name="test_1" time="0.001"/>
  <testcase classname="TestNG.testNG_methods" name="test_1" time="0.001"/>
  <testcase classname="TestNG.testNG_methods" name="test_2" time="0.002"/>
  <testcase classname="TestNG.Day_4" name="test_3" time="0.001"/>
  <testcase classname="TestNG.testNG_methods" name="test_3" time="0.001"/>
  <testcase classname="TestNG.Day_4" name="test_4" time="0.001"/>
  <testcase classname="TestNG.testNG_methods" name="test_4" time="0.001"/>
  <testcase classname="TestNG.testNG_methods" name="test_5" time="0.001"/>
  <testcase classname="TestNG.Datadriven_test" name="test_actions" time="0.0">
    <failure type="org.testng.TestNGException" message="
Cannot inject @Test annotated Method [test_actions] with [class java.lang.String, class java.lang.String, class java.lang.String, class java.lang.String, class java.lang.String, class java.lang.String, class java.lang.String, class java.lang.String].
For more information on native dependency injection please refer to https://testng.org/doc/documentation-main.html#native-dependency-injection">
      <![CDATA[org.testng.TestNGException: 
Cannot inject @Test annotated Method [test_actions] with [class java.lang.String, class java.lang.String, class java.lang.String, class java.lang.String, class java.lang.String, class java.lang.String, class java.lang.String, class java.lang.String].
For more information on native dependency injection please refer to https://testng.org/doc/documentation-main.html#native-dependency-injection
at java.base/java.util.ArrayList.forEach(ArrayList.java:1511)
at java.base/java.util.concurrent.FutureTask.run(FutureTask.java:264)
at java.base/java.util.concurrent.ThreadPoolExecutor.runWorker(ThreadPoolExecutor.java:1130)
at java.base/java.util.concurrent.ThreadPoolExecutor$Worker.run(ThreadPoolExecutor.java:630)
at java.base/java.lang.Thread.run(Thread.java:832)
... Removed 17 stack frames]]>
    </failure>
  </testcase> <!-- test_actions -->
  <testcase classname="TestNG.Test_Webdriver_Demo" name="test_webdriver_listener" time="2.32">
    <failure type="org.openqa.selenium.SessionNotCreatedException" message="session not created: This version of ChromeDriver only supports Chrome version 87
Current browser version is 94.0.4606.81 with binary path C:\Program Files\Google\Chrome\Application\chrome.exe
Build info: version: &amp;apos;3.141.59&amp;apos;, revision: &amp;apos;e82be7d358&amp;apos;, time: &amp;apos;2018-11-14T08:25:53&amp;apos;
System info: host: &amp;apos;LAPTOP-HSQD46T4&amp;apos;, ip: &amp;apos;192.168.225.116&amp;apos;, os.name: &amp;apos;Windows 10&amp;apos;, os.arch: &amp;apos;amd64&amp;apos;, os.version: &amp;apos;10.0&amp;apos;, java.version: &amp;apos;15.0.2&amp;apos;
Driver info: driver.version: ChromeDriver
remote stacktrace: Backtrace:
	Ordinal0 [0x007FC0C3+3326147]
	Ordinal0 [0x006E0851+2164817]
	Ordinal0 [0x00567298+619160]
	Ordinal0 [0x004E1D92+73106]
	Ordinal0 [0x004DE119+57625]
	Ordinal0 [0x004DC38A+50058]
	Ordinal0 [0x00505F3E+220990]
	Ordinal0 [0x00505CAC+220332]
	Ordinal0 [0x0050189B+202907]
	Ordinal0 [0x004E3DF4+81396]
	Ordinal0 [0x004E4DEE+85486]
	Ordinal0 [0x004E4D79+85369]
	Ordinal0 [0x006F85DC+2262492]
	GetHandleVerifier [0x00982874+1487204]
	GetHandleVerifier [0x009823CD+1486013]
	GetHandleVerifier [0x0098A368+1518680]
	GetHandleVerifier [0x00982F4E+1488958]
	Ordinal0 [0x006EED0D+2223373]
	Ordinal0 [0x006FA12B+2269483]
	Ordinal0 [0x006FA26F+2269807]
	Ordinal0 [0x0070ECB8+2354360]
	BaseThreadInitThunk [0x76FEFA29+25]
	RtlGetAppContainerNamedObjectPath [0x773A7A9E+286]
	RtlGetAppContainerNamedObjectPath [0x773A7A6E+238]
">
      <![CDATA[org.openqa.selenium.SessionNotCreatedException: session not created: This version of ChromeDriver only supports Chrome version 87
Current browser version is 94.0.4606.81 with binary path C:\Program Files\Google\Chrome\Application\chrome.exe
Build info: version: '3.141.59', revision: 'e82be7d358', time: '2018-11-14T08:25:53'
System info: host: 'LAPTOP-HSQD46T4', ip: '192.168.225.116', os.name: 'Windows 10', os.arch: 'amd64', os.version: '10.0', java.version: '15.0.2'
Driver info: driver.version: ChromeDriver
remote stacktrace: Backtrace:
Ordinal0 [0x007FC0C3+3326147]
Ordinal0 [0x006E0851+2164817]
Ordinal0 [0x00567298+619160]
Ordinal0 [0x004E1D92+73106]
Ordinal0 [0x004DE119+57625]
Ordinal0 [0x004DC38A+50058]
Ordinal0 [0x00505F3E+220990]
Ordinal0 [0x00505CAC+220332]
Ordinal0 [0x0050189B+202907]
Ordinal0 [0x004E3DF4+81396]
Ordinal0 [0x004E4DEE+85486]
Ordinal0 [0x004E4D79+85369]
Ordinal0 [0x006F85DC+2262492]
GetHandleVerifier [0x00982874+1487204]
GetHandleVerifier [0x009823CD+1486013]
GetHandleVerifier [0x0098A368+1518680]
GetHandleVerifier [0x00982F4E+1488958]
Ordinal0 [0x006EED0D+2223373]
Ordinal0 [0x006FA12B+2269483]
Ordinal0 [0x006FA26F+2269807]
Ordinal0 [0x0070ECB8+2354360]
BaseThreadInitThunk [0x76FEFA29+25]
RtlGetAppContainerNamedObjectPath [0x773A7A9E+286]
RtlGetAppContainerNamedObjectPath [0x773A7A6E+238]

at org.openqa.selenium.remote.W3CHandshakeResponse.lambda$errorHandler$0(W3CHandshakeResponse.java:62)
at org.openqa.selenium.remote.HandshakeResponse.lambda$getResponseFunction$0(HandshakeResponse.java:30)
at org.openqa.selenium.remote.ProtocolHandshake.lambda$createSession$0(ProtocolHandshake.java:126)
at java.base/java.util.stream.ReferencePipeline$3$1.accept(ReferencePipeline.java:195)
at java.base/java.util.Spliterators$ArraySpliterator.tryAdvance(Spliterators.java:958)
at java.base/java.util.stream.ReferencePipeline.forEachWithCancel(ReferencePipeline.java:127)
at java.base/java.util.stream.AbstractPipeline.copyIntoWithCancel(AbstractPipeline.java:502)
at java.base/java.util.stream.AbstractPipeline.copyInto(AbstractPipeline.java:488)
at java.base/java.util.stream.AbstractPipeline.wrapAndCopyInto(AbstractPipeline.java:474)
at java.base/java.util.stream.FindOps$FindOp.evaluateSequential(FindOps.java:150)
at java.base/java.util.stream.AbstractPipeline.evaluate(AbstractPipeline.java:234)
at java.base/java.util.stream.ReferencePipeline.findFirst(ReferencePipeline.java:543)
at org.openqa.selenium.remote.ProtocolHandshake.createSession(ProtocolHandshake.java:128)
at org.openqa.selenium.remote.ProtocolHandshake.createSession(ProtocolHandshake.java:74)
at org.openqa.selenium.remote.HttpCommandExecutor.execute(HttpCommandExecutor.java:136)
at org.openqa.selenium.remote.service.DriverCommandExecutor.execute(DriverCommandExecutor.java:83)
at org.openqa.selenium.remote.RemoteWebDriver.execute(RemoteWebDriver.java:552)
at org.openqa.selenium.remote.RemoteWebDriver.startSession(RemoteWebDriver.java:213)
at org.openqa.selenium.remote.RemoteWebDriver.<init>(RemoteWebDriver.java:131)
at org.openqa.selenium.chrome.ChromeDriver.<init>(ChromeDriver.java:181)
at org.openqa.selenium.chrome.ChromeDriver.<init>(ChromeDriver.java:168)
at org.openqa.selenium.chrome.ChromeDriver.<init>(ChromeDriver.java:123)
at TestNG.Test_Webdriver_Demo.test_webdriver_listener(Test_Webdriver_Demo.java:21)
at java.base/java.util.ArrayList.forEach(ArrayList.java:1511)
at java.base/java.util.concurrent.FutureTask.run(FutureTask.java:264)
at java.base/java.util.concurrent.ThreadPoolExecutor.runWorker(ThreadPoolExecutor.java:1130)
at java.base/java.util.concurrent.ThreadPoolExecutor$Worker.run(ThreadPoolExecutor.java:630)
at java.base/java.lang.Thread.run(Thread.java:832)
... Removed 23 stack frames]]>
    </failure>
  </testcase> <!-- test_webdriver_listener -->
  <testcase classname="TestNG.Data_Annotations" name="testing" time="0.0">
    <skipped/>
  </testcase> <!-- testing -->
  <testcase classname="TestNG.Day_3" name="website_gold" time="0.0"/>
  <testcase classname="TestNG.Day_1" name="website_loan" time="0.0"/>
  <testcase classname="TestNG.Parameters" name="start" time="0.0">
    <failure type="org.testng.TestNGException" message="
Parameter &amp;apos;emailID&amp;apos; is required by @Test on method start but has not been marked @Optional or defined
in C:\Users\rbran\git\Java_Practice\TestNG\testng.xml">
      <![CDATA[org.testng.TestNGException: 
Parameter 'emailID' is required by @Test on method start but has not been marked @Optional or defined
in C:\Users\rbran\git\Java_Practice\TestNG\testng.xml
at java.base/java.util.ArrayList.forEach(ArrayList.java:1511)
at java.base/java.util.concurrent.FutureTask.run(FutureTask.java:264)
at java.base/java.util.concurrent.ThreadPoolExecutor.runWorker(ThreadPoolExecutor.java:1130)
at java.base/java.util.concurrent.ThreadPoolExecutor$Worker.run(ThreadPoolExecutor.java:630)
at java.base/java.lang.Thread.run(Thread.java:832)
... Removed 17 stack frames]]>
    </failure>
  </testcase> <!-- start -->
  <testcase classname="TestNG.Parameters_Demo" name="test_Url" time="0.0">
    <failure type="org.testng.TestNGException" message="
Parameter &amp;apos;browser&amp;apos; is required by @Test on method test_Url but has not been marked @Optional or defined
in C:\Users\rbran\git\Java_Practice\TestNG\testng.xml">
      <![CDATA[org.testng.TestNGException: 
Parameter 'browser' is required by @Test on method test_Url but has not been marked @Optional or defined
in C:\Users\rbran\git\Java_Practice\TestNG\testng.xml
at java.base/java.util.ArrayList.forEach(ArrayList.java:1511)
at java.base/java.util.concurrent.FutureTask.run(FutureTask.java:264)
at java.base/java.util.concurrent.ThreadPoolExecutor.runWorker(ThreadPoolExecutor.java:1130)
at java.base/java.util.concurrent.ThreadPoolExecutor$Worker.run(ThreadPoolExecutor.java:630)
at java.base/java.lang.Thread.run(Thread.java:832)
... Removed 17 stack frames]]>
    </failure>
  </testcase> <!-- test_Url -->
  <testcase classname="TestNG.Parameters" name="close" time="5.002">
    <failure type="java.lang.NullPointerException" message="Cannot invoke &amp;quot;org.openqa.selenium.WebDriver.quit()&amp;quot; because &amp;quot;this.driver&amp;quot; is null">
      <![CDATA[java.lang.NullPointerException: Cannot invoke "org.openqa.selenium.WebDriver.quit()" because "this.driver" is null
at TestNG.Parameters.close(Parameters.java:48)
at java.base/java.util.ArrayList.forEach(ArrayList.java:1511)
at java.base/java.util.concurrent.FutureTask.run(FutureTask.java:264)
at java.base/java.util.concurrent.ThreadPoolExecutor.runWorker(ThreadPoolExecutor.java:1130)
at java.base/java.util.concurrent.ThreadPoolExecutor$Worker.run(ThreadPoolExecutor.java:630)
at java.base/java.lang.Thread.run(Thread.java:832)
... Removed 18 stack frames]]>
    </failure>
  </testcase> <!-- close -->
  <testcase classname="TestNG.Parameters_Demo" name="text_feild" time="0.006">
    <failure type="java.lang.NullPointerException" message="Cannot invoke &amp;quot;org.openqa.selenium.WebDriver.findElement(org.openqa.selenium.By)&amp;quot; because &amp;quot;this.driver&amp;quot; is null">
      <![CDATA[java.lang.NullPointerException: Cannot invoke "org.openqa.selenium.WebDriver.findElement(org.openqa.selenium.By)" because "this.driver" is null
at TestNG.Parameters_Demo.text_feild(Parameters_Demo.java:40)
at java.base/java.util.ArrayList.forEach(ArrayList.java:1511)
at java.base/java.util.concurrent.FutureTask.run(FutureTask.java:264)
at java.base/java.util.concurrent.ThreadPoolExecutor.runWorker(ThreadPoolExecutor.java:1130)
at java.base/java.util.concurrent.ThreadPoolExecutor$Worker.run(ThreadPoolExecutor.java:630)
at java.base/java.lang.Thread.run(Thread.java:832)
... Removed 18 stack frames]]>
    </failure>
  </testcase> <!-- text_feild -->
  <testcase classname="TestNG.Parameters_Demo" name="search_press" time="3.003">
    <failure type="java.lang.NullPointerException" message="Cannot invoke &amp;quot;org.openqa.selenium.WebDriver.findElement(org.openqa.selenium.By)&amp;quot; because &amp;quot;this.driver&amp;quot; is null">
      <![CDATA[java.lang.NullPointerException: Cannot invoke "org.openqa.selenium.WebDriver.findElement(org.openqa.selenium.By)" because "this.driver" is null
at TestNG.Parameters_Demo.search_press(Parameters_Demo.java:34)
at java.base/java.util.ArrayList.forEach(ArrayList.java:1511)
at java.base/java.util.concurrent.FutureTask.run(FutureTask.java:264)
at java.base/java.util.concurrent.ThreadPoolExecutor.runWorker(ThreadPoolExecutor.java:1130)
at java.base/java.util.concurrent.ThreadPoolExecutor$Worker.run(ThreadPoolExecutor.java:630)
at java.base/java.lang.Thread.run(Thread.java:832)
... Removed 18 stack frames]]>
    </failure>
  </testcase> <!-- search_press -->
  <testcase classname="TestNG.Day_4" name="test_2" time="0.0">
    <ignored/>
  </testcase> <!-- test_2 -->
</testsuite> <!-- run_package -->
