<?xml version="1.0" encoding="UTF-8"?>
<!-- Generated by org.testng.reporters.JUnitXMLReporter -->
<testsuite ignored="8" hostname="DESKTOP-AB28KPC" failures="0" tests="4" name="Test" time="0.232" errors="0" timestamp="2021-01-26T15:07:57 IST">
  <testcase classname="TestNG.Day_1" name="loan" time="0.011"/>
  <testcase classname="TestNG.Day_4" name="test_1" time="0.017"/>
  <testcase classname="TestNG.Day_4" name="test_3" time="0.039"/>
  <testcase classname="TestNG.Day_4" name="test_4" time="0.051"/>
  <testcase classname="TestNG.Day_3" name="website_gold" time="0.0">
    <ignored/>
  </testcase> <!-- website_gold -->
  <testcase classname="TestNG.Day_2" name="home" time="0.0">
    <ignored/>
  </testcase> <!-- home -->
  <testcase classname="TestNG.A_first" name="sum" time="0.0">
    <ignored/>
  </testcase> <!-- sum -->
  <testcase classname="TestNG.Day_1" name="website_loan" time="0.0">
    <ignored/>
  </testcase> <!-- website_loan -->
  <testcase classname="TestNG.Day_3" name="gold" time="0.0">
    <ignored/>
  </testcase> <!-- gold -->
  <testcase classname="TestNG.Day_2" name="mobile_loan" time="0.0">
    <ignored/>
  </testcase> <!-- mobile_loan -->
  <testcase classname="TestNG.Day_4" name="test_2" time="0.0">
    <ignored/>
  </testcase> <!-- test_2 -->
  <testcase classname="TestNG.Day_1" name="mobile_loan" time="0.0">
    <ignored/>
  </testcase> <!-- mobile_loan -->
</testsuite> <!-- Test -->
