<?xml version="1.0" encoding="UTF-8"?>
<!-- Generated by org.testng.reporters.JUnitXMLReporter -->
<testsuite ignored="0" hostname="DESKTOP-AB28KPC" failures="1" tests="2" name="Yahoo Test" time="72.646" errors="0" timestamp="2021-01-12T00:36:44 IST">
  <testcase classname="TestNG.Parameters" name="close" time="5.017">
    <failure type="java.lang.NullPointerException" message="Cannot invoke &amp;quot;org.openqa.selenium.WebDriver.quit()&amp;quot; because &amp;quot;this.driver&amp;quot; is null">
      <![CDATA[java.lang.NullPointerException: Cannot invoke "org.openqa.selenium.WebDriver.quit()" because "this.driver" is null
at TestNG.Parameters.close(Parameters.java:47)
at java.base/java.util.ArrayList.forEach(ArrayList.java:1511)
... Removed 27 stack frames]]>
    </failure>
  </testcase> <!-- close -->
  <testcase classname="TestNG.Parameters" name="start" time="67.541"/>
</testsuite> <!-- Yahoo Test -->
